<?xml version="1.0" encoding="UTF-8"?>
<!-- Generated by org.testng.reporters.JUnitXMLReporter -->
<testsuite ignored="0" hostname="Rajashree" failures="0" tests="3" name="Default test" time="4.294" errors="0" timestamp="2025-05-08T16:28:11 IST">
  <testcase classname="TestNGProgram.FirstTestNGProgram" name="openApp" time="2.355"/>
  <testcase classname="TestNGProgram.FirstTestNGProgram" name="loginApp" time="1.744"/>
  <testcase classname="TestNGProgram.FirstTestNGProgram" name="logoutApp" time="0.141"/>
</testsuite> <!-- Default test -->
