<?xml version="1.0" encoding="UTF-8"?>
<!-- Generated by org.testng.reporters.JUnitXMLReporter -->
<testsuite ignored="0" hostname="Rajashree" failures="0" tests="6" name="Test" time="6.515" errors="0" timestamp="2025-05-08T17:17:00 IST">
  <testcase classname="TestNGProgram.FirstTestNGProgram" name="openApp" time="2.785"/>
  <testcase classname="TestNGProgram.FirstTestNGProgram" name="loginApp" time="0.707"/>
  <testcase classname="TestNGProgram.FirstTestNGProgram" name="logoutApp" time="0.151"/>
  <testcase classname="TestNGProgram.SecondTestNGProgram" name="openApp" time="1.049"/>
  <testcase classname="TestNGProgram.SecondTestNGProgram" name="loginApp" time="1.627"/>
  <testcase classname="TestNGProgram.SecondTestNGProgram" name="logoutApp" time="0.131"/>
</testsuite> <!-- Test -->
