<?xml version="1.0" encoding="UTF-8"?>
<!-- Generated by org.testng.reporters.JUnitXMLReporter -->
<testsuite ignored="0" hostname="Rajashree" failures="0" tests="6" name="Test" time="6.061" errors="0" timestamp="2025-05-08T17:48:55 IST">
  <testcase classname="TestNGProgram.FirstTestNGProgram" name="openApp" time="1.592"/>
  <testcase classname="TestNGProgram.FirstTestNGProgram" name="loginApp" time="1.878"/>
  <testcase classname="TestNGProgram.FirstTestNGProgram" name="logoutApp" time="0.09"/>
  <testcase classname="TestNGProgram.SecondTestNGProgram" name="openApp" time="1.024"/>
  <testcase classname="TestNGProgram.SecondTestNGProgram" name="loginApp" time="1.222"/>
  <testcase classname="TestNGProgram.SecondTestNGProgram" name="logoutApp" time="0.209"/>
</testsuite> <!-- Test -->
