<?xml version="1.0" encoding="UTF-8"?>
<testng-results ignored="0" total="6" passed="6" failed="0" skipped="0">
  <reporter-output>
  </reporter-output>
  <suite started-at="2025-05-08T17:16:53 IST" name="Suite" finished-at="2025-05-08T17:17:00 IST" duration-ms="6515">
    <groups>
    </groups>
    <test started-at="2025-05-08T17:16:53 IST" name="Test" finished-at="2025-05-08T17:17:00 IST" duration-ms="6515">
      <class name="TestNGProgram.FirstTestNGProgram">
        <test-method signature="openApp()[pri:1, instance:TestNGProgram.FirstTestNGProgram@7c729a55]" started-at="2025-05-08T17:16:53 IST" name="openApp" finished-at="2025-05-08T17:16:56 IST" duration-ms="2785" status="PASS">
          <reporter-output>
          </reporter-output>
        </test-method> <!-- openApp -->
        <test-method signature="loginApp()[pri:2, instance:TestNGProgram.FirstTestNGProgram@7c729a55]" started-at="2025-05-08T17:16:56 IST" name="loginApp" finished-at="2025-05-08T17:16:57 IST" duration-ms="707" status="PASS">
          <reporter-output>
          </reporter-output>
        </test-method> <!-- loginApp -->
        <test-method signature="logoutApp()[pri:3, instance:TestNGProgram.FirstTestNGProgram@7c729a55]" started-at="2025-05-08T17:16:57 IST" name="logoutApp" finished-at="2025-05-08T17:16:57 IST" duration-ms="151" status="PASS">
          <reporter-output>
          </reporter-output>
        </test-method> <!-- logoutApp -->
      </class> <!-- TestNGProgram.FirstTestNGProgram -->
      <class name="TestNGProgram.SecondTestNGProgram">
        <test-method signature="openApp()[pri:1, instance:TestNGProgram.SecondTestNGProgram@694abbdc]" started-at="2025-05-08T17:16:57 IST" name="openApp" finished-at="2025-05-08T17:16:58 IST" duration-ms="1049" status="PASS">
          <reporter-output>
          </reporter-output>
        </test-method> <!-- openApp -->
        <test-method signature="loginApp()[pri:2, instance:TestNGProgram.SecondTestNGProgram@694abbdc]" started-at="2025-05-08T17:16:58 IST" name="loginApp" finished-at="2025-05-08T17:17:00 IST" duration-ms="1627" status="PASS">
          <reporter-output>
          </reporter-output>
        </test-method> <!-- loginApp -->
        <test-method signature="logoutApp()[pri:3, instance:TestNGProgram.SecondTestNGProgram@694abbdc]" started-at="2025-05-08T17:17:00 IST" name="logoutApp" finished-at="2025-05-08T17:17:00 IST" duration-ms="131" status="PASS">
          <reporter-output>
          </reporter-output>
        </test-method> <!-- logoutApp -->
      </class> <!-- TestNGProgram.SecondTestNGProgram -->
    </test> <!-- Test -->
  </suite> <!-- Suite -->
</testng-results>
